2021-03-01 14:22:31 INFO  log:13 - Entered username
2021-03-01 14:22:31 INFO  log:15 - Entered password
2021-03-01 14:22:38 INFO  log:32 - Test Passed
2021-03-01 14:27:22 INFO  log:13 - Entered username
2021-03-01 14:27:22 INFO  log:15 - Entered password
2021-03-01 14:27:29 INFO  log:32 - Test Passed
2021-03-01 14:54:05 INFO  log:13 - Entered username
2021-03-01 14:54:06 INFO  log:15 - Entered password
2021-03-01 14:54:13 INFO  log:32 - Test Passed
2021-03-01 15:01:59 INFO  log:14 - Entered username
2021-03-01 15:02:00 INFO  log:16 - Entered password
2021-03-01 15:02:06 INFO  log:33 - Test Passed
2021-03-01 15:02:07 INFO  log:14 - Entered username
2021-03-01 15:02:08 INFO  log:16 - Entered password
2021-03-01 15:02:14 INFO  log:33 - Test Passed
2021-03-01 15:02:15 INFO  log:14 - Entered username
2021-03-01 15:02:16 INFO  log:16 - Entered password
2021-03-01 15:02:22 INFO  log:33 - Test Passed
2021-03-01 15:02:23 INFO  log:14 - Entered username
2021-03-01 15:02:23 INFO  log:16 - Entered password
2021-03-01 15:02:30 INFO  log:33 - Test Passed
2021-03-01 15:02:31 INFO  log:14 - Entered username
2021-03-01 15:02:31 INFO  log:16 - Entered password
2021-03-01 15:02:38 INFO  log:33 - Test Passed
2021-03-01 15:03:56 INFO  log:14 - Entered username
2021-03-01 15:03:56 INFO  log:16 - Entered password
2021-03-01 15:04:00 INFO  log:24 - Test failed - User or Password is not valid
2021-03-01 15:04:02 INFO  log:14 - Entered username
2021-03-01 15:04:02 INFO  log:16 - Entered password
2021-03-01 15:04:08 INFO  log:33 - Test Passed
2021-03-01 15:04:10 INFO  log:14 - Entered username
2021-03-01 15:04:11 INFO  log:16 - Entered password
2021-03-01 15:04:14 INFO  log:24 - Test failed - User or Password is not valid
2021-03-01 15:04:15 INFO  log:14 - Entered username
2021-03-01 15:04:16 INFO  log:16 - Entered password
2021-03-01 15:04:22 INFO  log:33 - Test Passed
2021-03-01 15:04:23 INFO  log:14 - Entered username
2021-03-01 15:04:23 INFO  log:16 - Entered password
2021-03-01 15:04:27 INFO  log:24 - Test failed - User or Password is not valid
2021-03-01 15:04:55 INFO  log:14 - Entered username
2021-03-01 15:04:55 INFO  log:16 - Entered password
2021-03-01 15:06:23 INFO  log:14 - Entered username
2021-03-01 15:06:23 INFO  log:16 - Entered password
2021-03-01 15:06:26 INFO  log:24 - Test failed - User or Password is not valid
2021-03-01 15:06:29 INFO  log:14 - Entered username
2021-03-01 15:06:29 INFO  log:16 - Entered password
2021-03-01 15:06:35 INFO  log:33 - Test Passed
2021-03-01 15:06:37 INFO  log:14 - Entered username
2021-03-01 15:06:38 INFO  log:16 - Entered password
2021-03-01 15:06:41 INFO  log:24 - Test failed - User or Password is not valid
2021-03-01 15:06:43 INFO  log:14 - Entered username
2021-03-01 15:06:43 INFO  log:16 - Entered password
2021-03-01 15:06:49 INFO  log:33 - Test Passed
2021-03-01 15:06:52 INFO  log:14 - Entered username
2021-03-01 15:06:52 INFO  log:16 - Entered password
2021-03-01 15:06:55 INFO  log:24 - Test failed - User or Password is not valid
2021-03-01 15:10:05 INFO  log:13 - Entered username
2021-03-01 15:10:05 INFO  log:15 - Entered password
2021-03-01 15:10:08 INFO  log:23 - Test failed - User or Password is not valid
2021-03-01 15:10:10 INFO  log:13 - Entered username
2021-03-01 15:10:10 INFO  log:15 - Entered password
2021-03-01 15:10:16 INFO  log:32 - Test Passed
2021-03-01 15:10:18 INFO  log:13 - Entered username
2021-03-01 15:10:18 INFO  log:15 - Entered password
2021-03-01 15:10:21 INFO  log:23 - Test failed - User or Password is not valid
2021-03-01 15:10:23 INFO  log:13 - Entered username
2021-03-01 15:10:23 INFO  log:15 - Entered password
2021-03-01 15:10:29 INFO  log:32 - Test Passed
2021-03-01 15:10:30 INFO  log:13 - Entered username
2021-03-01 15:10:30 INFO  log:15 - Entered password
2021-03-01 15:10:34 INFO  log:23 - Test failed - User or Password is not valid
2021-03-01 18:32:16 INFO  log:13 - Entered username
2021-03-01 18:32:16 INFO  log:15 - Entered password
2021-03-01 18:32:20 INFO  log:23 - Test failed - User or Password is not valid
2021-03-01 18:32:21 INFO  log:13 - Entered username
2021-03-01 18:32:21 INFO  log:15 - Entered password
2021-03-01 18:32:29 INFO  log:32 - Test Passed
2021-03-01 18:32:30 INFO  log:13 - Entered username
2021-03-01 18:32:30 INFO  log:15 - Entered password
2021-03-01 18:32:34 INFO  log:23 - Test failed - User or Password is not valid
2021-03-01 18:32:35 INFO  log:13 - Entered username
2021-03-01 18:32:36 INFO  log:15 - Entered password
2021-03-01 18:32:39 INFO  log:23 - Test failed - User or Password is not valid
2021-03-01 18:32:40 INFO  log:13 - Entered username
2021-03-01 18:32:40 INFO  log:15 - Entered password
2021-03-01 18:32:47 INFO  log:32 - Test Passed
2021-03-01 19:14:10 INFO  log:13 - Entered username
2021-03-01 19:14:11 INFO  log:15 - Entered password
2021-03-01 19:14:14 INFO  log:23 - Test failed - User or Password is not valid
2021-03-01 19:14:16 INFO  log:13 - Entered username
2021-03-01 19:14:16 INFO  log:15 - Entered password
2021-03-01 19:14:23 INFO  log:32 - Test Passed
2021-03-01 19:14:25 INFO  log:13 - Entered username
2021-03-01 19:14:25 INFO  log:15 - Entered password
2021-03-01 19:14:28 INFO  log:23 - Test failed - User or Password is not valid
2021-03-01 19:14:30 INFO  log:13 - Entered username
2021-03-01 19:14:30 INFO  log:15 - Entered password
2021-03-01 19:14:33 INFO  log:23 - Test failed - User or Password is not valid
2021-03-01 19:14:35 INFO  log:13 - Entered username
2021-03-01 19:14:35 INFO  log:15 - Entered password
2021-03-01 19:14:42 INFO  log:32 - Test Passed
2021-03-02 00:32:14 INFO  log:13 - Entered username
2021-03-02 00:32:14 INFO  log:15 - Entered password
2021-03-02 00:32:18 INFO  log:23 - Test failed - User or Password is not valid
2021-03-02 00:32:19 INFO  log:13 - Entered username
2021-03-02 00:32:19 INFO  log:15 - Entered password
2021-03-02 00:32:27 INFO  log:32 - Test Passed
2021-03-02 00:32:28 INFO  log:13 - Entered username
2021-03-02 00:32:28 INFO  log:15 - Entered password
2021-03-02 00:32:32 INFO  log:23 - Test failed - User or Password is not valid
2021-03-02 00:32:33 INFO  log:13 - Entered username
2021-03-02 00:32:33 INFO  log:15 - Entered password
2021-03-02 00:32:37 INFO  log:23 - Test failed - User or Password is not valid
2021-03-02 00:32:38 INFO  log:13 - Entered username
2021-03-02 00:32:38 INFO  log:15 - Entered password
2021-03-02 00:32:44 INFO  log:32 - Test Passed
2021-03-02 00:33:42 INFO  log:13 - Entered username
2021-03-02 00:33:42 INFO  log:15 - Entered password
2021-03-02 00:33:45 INFO  log:23 - Test failed - User or Password is not valid
2021-03-02 00:33:47 INFO  log:13 - Entered username
2021-03-02 00:33:47 INFO  log:15 - Entered password
2021-03-02 00:33:54 INFO  log:32 - Test Passed
2021-03-02 00:33:55 INFO  log:13 - Entered username
2021-03-02 00:33:55 INFO  log:15 - Entered password
2021-03-02 00:33:59 INFO  log:23 - Test failed - User or Password is not valid
2021-03-02 00:34:00 INFO  log:13 - Entered username
2021-03-02 00:34:00 INFO  log:15 - Entered password
2021-03-02 00:34:04 INFO  log:23 - Test failed - User or Password is not valid
2021-03-02 00:34:05 INFO  log:13 - Entered username
2021-03-02 00:34:06 INFO  log:15 - Entered password
2021-03-02 00:34:12 INFO  log:32 - Test Passed
2021-03-02 15:40:16 INFO  log:13 - Entered username
2021-03-02 15:40:16 INFO  log:15 - Entered password
2021-03-02 15:40:20 INFO  log:23 - Test failed - User or Password is not valid
2021-03-02 15:40:22 INFO  log:13 - Entered username
2021-03-02 15:40:22 INFO  log:15 - Entered password
2021-03-02 15:40:30 INFO  log:32 - Test Passed
2021-03-02 15:40:31 INFO  log:13 - Entered username
2021-03-02 15:40:31 INFO  log:15 - Entered password
2021-03-02 15:40:35 INFO  log:23 - Test failed - User or Password is not valid
2021-03-02 15:40:36 INFO  log:13 - Entered username
2021-03-02 15:40:36 INFO  log:15 - Entered password
2021-03-02 15:40:39 INFO  log:23 - Test failed - User or Password is not valid
2021-03-02 15:40:41 INFO  log:13 - Entered username
2021-03-02 15:40:41 INFO  log:15 - Entered password
2021-03-02 15:40:47 INFO  log:32 - Test Passed
2021-03-02 15:46:01 INFO  log:13 - Entered username
2021-03-02 15:46:01 INFO  log:15 - Entered password
2021-03-02 15:46:04 INFO  log:23 - Test failed - User or Password is not valid
2021-03-02 15:46:06 INFO  log:13 - Entered username
2021-03-02 15:46:07 INFO  log:15 - Entered password
2021-03-02 15:46:13 INFO  log:32 - Test Passed
2021-03-02 15:46:15 INFO  log:13 - Entered username
2021-03-02 15:46:15 INFO  log:15 - Entered password
2021-03-02 15:46:19 INFO  log:23 - Test failed - User or Password is not valid
2021-03-02 15:46:20 INFO  log:13 - Entered username
2021-03-02 15:46:20 INFO  log:15 - Entered password
2021-03-02 15:46:24 INFO  log:23 - Test failed - User or Password is not valid
2021-03-02 15:46:25 INFO  log:13 - Entered username
2021-03-02 15:46:25 INFO  log:15 - Entered password
2021-03-02 15:46:43 INFO  log:32 - Test Passed
2021-03-02 15:56:04 INFO  log:13 - Entered username
2021-03-02 15:56:04 INFO  log:15 - Entered password
2021-03-02 15:56:08 INFO  log:23 - Test failed - User or Password is not valid
2021-03-02 15:56:10 INFO  log:13 - Entered username
2021-03-02 15:56:10 INFO  log:15 - Entered password
2021-03-02 15:56:17 INFO  log:32 - Test Passed
2021-03-02 15:56:18 INFO  log:13 - Entered username
2021-03-02 15:56:18 INFO  log:15 - Entered password
2021-03-02 15:56:21 INFO  log:23 - Test failed - User or Password is not valid
2021-03-02 15:56:23 INFO  log:13 - Entered username
2021-03-02 15:56:23 INFO  log:15 - Entered password
2021-03-02 15:56:26 INFO  log:23 - Test failed - User or Password is not valid
2021-03-02 15:56:28 INFO  log:13 - Entered username
2021-03-02 15:56:28 INFO  log:15 - Entered password
2021-03-02 15:56:34 INFO  log:32 - Test Passed
2021-03-02 16:03:58 INFO  log:13 - Entered username
2021-03-02 16:03:58 INFO  log:15 - Entered password
2021-03-02 16:04:02 INFO  log:23 - Test failed - User or Password is not valid
2021-03-02 16:04:03 INFO  log:13 - Entered username
2021-03-02 16:04:03 INFO  log:15 - Entered password
2021-03-02 16:04:11 INFO  log:32 - Test Passed
2021-03-02 16:04:12 INFO  log:13 - Entered username
2021-03-02 16:04:12 INFO  log:15 - Entered password
2021-03-02 16:04:15 INFO  log:23 - Test failed - User or Password is not valid
2021-03-02 16:04:17 INFO  log:13 - Entered username
2021-03-02 16:04:17 INFO  log:15 - Entered password
2021-03-02 16:04:20 INFO  log:23 - Test failed - User or Password is not valid
2021-03-02 16:04:21 INFO  log:13 - Entered username
2021-03-02 16:04:22 INFO  log:15 - Entered password
2021-03-02 16:04:29 INFO  log:32 - Test Passed
2021-03-02 16:08:00 INFO  log:13 - Entered username
2021-03-02 16:08:00 INFO  log:15 - Entered password
2021-03-02 16:08:04 INFO  log:23 - Test failed - User or Password is not valid
2021-03-02 16:08:05 INFO  log:13 - Entered username
2021-03-02 16:08:05 INFO  log:15 - Entered password
2021-03-02 16:08:13 INFO  log:32 - Test Passed
2021-03-02 16:08:14 INFO  log:13 - Entered username
2021-03-02 16:08:14 INFO  log:15 - Entered password
2021-03-02 16:08:17 INFO  log:23 - Test failed - User or Password is not valid
2021-03-02 16:08:19 INFO  log:13 - Entered username
2021-03-02 16:08:19 INFO  log:15 - Entered password
2021-03-02 16:08:22 INFO  log:23 - Test failed - User or Password is not valid
2021-03-02 16:08:24 INFO  log:13 - Entered username
2021-03-02 16:08:24 INFO  log:15 - Entered password
2021-03-02 16:08:30 INFO  log:32 - Test Passed
2021-03-02 17:11:55 INFO  log:13 - Entered username
2021-03-02 17:11:55 INFO  log:15 - Entered password
2021-03-02 17:11:58 INFO  log:23 - Test failed - User or Password is not valid
2021-03-02 17:12:00 INFO  log:13 - Entered username
2021-03-02 17:12:01 INFO  log:15 - Entered password
2021-03-02 17:12:08 INFO  log:32 - Test Passed
2021-03-02 17:12:10 INFO  log:13 - Entered username
2021-03-02 17:12:10 INFO  log:15 - Entered password
2021-03-02 17:12:13 INFO  log:23 - Test failed - User or Password is not valid
2021-03-02 17:12:15 INFO  log:13 - Entered username
2021-03-02 17:12:15 INFO  log:15 - Entered password
2021-03-02 17:12:19 INFO  log:23 - Test failed - User or Password is not valid
2021-03-02 17:12:20 INFO  log:13 - Entered username
2021-03-02 17:12:20 INFO  log:15 - Entered password
2021-03-02 17:12:26 INFO  log:32 - Test Passed
2021-03-02 17:36:39 INFO  log:13 - Entered username
2021-03-02 17:36:39 INFO  log:15 - Entered password
2021-03-02 17:36:42 INFO  log:23 - Test failed - User or Password is not valid
2021-03-02 17:36:44 INFO  log:13 - Entered username
2021-03-02 17:36:44 INFO  log:15 - Entered password
2021-03-02 17:36:52 INFO  log:32 - Test Passed
2021-03-02 17:36:53 INFO  log:13 - Entered username
2021-03-02 17:36:53 INFO  log:15 - Entered password
2021-03-02 17:36:56 INFO  log:23 - Test failed - User or Password is not valid
2021-03-02 17:36:57 INFO  log:13 - Entered username
2021-03-02 17:36:58 INFO  log:15 - Entered password
2021-03-02 17:37:01 INFO  log:23 - Test failed - User or Password is not valid
2021-03-02 17:37:02 INFO  log:13 - Entered username
2021-03-02 17:37:02 INFO  log:15 - Entered password
2021-03-02 17:37:09 INFO  log:32 - Test Passed
2021-03-02 17:45:33 INFO  log:13 - Entered username
2021-03-02 17:45:33 INFO  log:15 - Entered password
2021-03-02 17:45:37 INFO  log:23 - Test failed - User or Password is not valid
2021-03-02 17:45:38 INFO  log:13 - Entered username
2021-03-02 17:45:38 INFO  log:15 - Entered password
2021-03-02 17:45:45 INFO  log:32 - Test Passed
2021-03-02 17:45:47 INFO  log:13 - Entered username
2021-03-02 17:45:47 INFO  log:15 - Entered password
2021-03-02 17:45:50 INFO  log:23 - Test failed - User or Password is not valid
2021-03-02 17:45:51 INFO  log:13 - Entered username
2021-03-02 17:45:51 INFO  log:15 - Entered password
2021-03-02 17:45:55 INFO  log:23 - Test failed - User or Password is not valid
2021-03-02 17:45:56 INFO  log:13 - Entered username
2021-03-02 17:45:56 INFO  log:15 - Entered password
2021-03-02 17:46:02 INFO  log:32 - Test Passed
2021-03-02 17:53:20 INFO  log:13 - Entered username
2021-03-02 17:53:20 INFO  log:15 - Entered password
2021-03-02 17:53:24 INFO  log:23 - Test failed - User or Password is not valid
2021-03-02 17:55:33 INFO  log:13 - Entered username
2021-03-02 17:55:33 INFO  log:15 - Entered password
2021-03-02 17:55:36 INFO  log:23 - Test failed - User or Password is not valid
2021-03-02 17:56:34 INFO  log:13 - Entered username
2021-03-02 17:56:34 INFO  log:15 - Entered password
2021-03-02 17:56:37 INFO  log:23 - Test failed - User or Password is not valid
2021-03-02 17:56:40 INFO  log:13 - Entered username
2021-03-02 17:56:40 INFO  log:15 - Entered password
2021-03-02 17:56:47 INFO  log:32 - Test Passed
2021-03-02 17:56:49 INFO  log:13 - Entered username
2021-03-02 17:56:49 INFO  log:15 - Entered password
2021-03-02 17:56:53 INFO  log:23 - Test failed - User or Password is not valid
2021-03-02 17:56:54 INFO  log:13 - Entered username
2021-03-02 17:56:54 INFO  log:15 - Entered password
2021-03-02 17:56:58 INFO  log:23 - Test failed - User or Password is not valid
2021-03-02 17:56:59 INFO  log:13 - Entered username
2021-03-02 17:56:59 INFO  log:15 - Entered password
2021-03-02 17:57:06 INFO  log:32 - Test Passed
2021-03-02 18:05:52 INFO  log:13 - Entered username
2021-03-02 18:05:52 INFO  log:15 - Entered password
2021-03-02 18:05:56 INFO  log:23 - Test failed - User or Password is not valid
2021-03-02 18:05:59 INFO  log:13 - Entered username
2021-03-02 18:05:59 INFO  log:15 - Entered password
2021-03-02 18:06:05 INFO  log:32 - Test Passed
2021-03-02 18:06:07 INFO  log:13 - Entered username
2021-03-02 18:06:08 INFO  log:15 - Entered password
2021-03-02 18:06:11 INFO  log:23 - Test failed - User or Password is not valid
2021-03-02 18:06:13 INFO  log:13 - Entered username
2021-03-02 18:06:13 INFO  log:15 - Entered password
2021-03-02 18:06:17 INFO  log:23 - Test failed - User or Password is not valid
2021-03-02 18:06:19 INFO  log:13 - Entered username
2021-03-02 18:06:19 INFO  log:15 - Entered password
2021-03-02 18:06:25 INFO  log:32 - Test Passed
2021-03-02 18:10:06 INFO  log:13 - Entered username
2021-03-02 18:10:06 INFO  log:15 - Entered password
2021-03-02 18:10:09 INFO  log:23 - Test failed - User or Password is not valid
2021-03-02 18:10:11 INFO  log:13 - Entered username
2021-03-02 18:10:11 INFO  log:15 - Entered password
2021-03-02 18:10:18 INFO  log:32 - Test Passed
2021-03-02 18:10:19 INFO  log:13 - Entered username
2021-03-02 18:10:19 INFO  log:15 - Entered password
2021-03-02 18:10:22 INFO  log:23 - Test failed - User or Password is not valid
2021-03-02 18:10:24 INFO  log:13 - Entered username
2021-03-02 18:10:24 INFO  log:15 - Entered password
2021-03-02 18:10:27 INFO  log:23 - Test failed - User or Password is not valid
2021-03-02 18:10:29 INFO  log:13 - Entered username
2021-03-02 18:10:29 INFO  log:15 - Entered password
2021-03-02 18:10:35 INFO  log:32 - Test Passed
2021-03-02 18:19:16 INFO  log:13 - Entered username
2021-03-02 18:19:16 INFO  log:15 - Entered password
2021-03-02 18:19:20 INFO  log:23 - Test failed - User or Password is not valid
2021-03-02 18:19:23 INFO  log:13 - Entered username
2021-03-02 18:19:23 INFO  log:15 - Entered password
2021-03-02 18:19:30 INFO  log:32 - Test Passed
2021-03-02 18:19:32 INFO  log:13 - Entered username
2021-03-02 18:19:32 INFO  log:15 - Entered password
2021-03-02 18:19:36 INFO  log:23 - Test failed - User or Password is not valid
2021-03-02 18:19:38 INFO  log:13 - Entered username
2021-03-02 18:19:38 INFO  log:15 - Entered password
2021-03-02 18:19:41 INFO  log:23 - Test failed - User or Password is not valid
2021-03-02 18:19:43 INFO  log:13 - Entered username
2021-03-02 18:19:43 INFO  log:15 - Entered password
2021-03-02 18:19:49 INFO  log:32 - Test Passed
2021-03-02 22:55:59 INFO  log:13 - Entered username
2021-03-02 22:56:00 INFO  log:15 - Entered password
2021-03-02 22:56:03 INFO  log:23 - Test failed - User or Password is not valid
2021-03-02 22:56:06 INFO  log:13 - Entered username
2021-03-02 22:56:06 INFO  log:15 - Entered password
2021-03-02 22:56:14 INFO  log:32 - Test Passed
2021-03-02 22:56:16 INFO  log:13 - Entered username
2021-03-02 22:56:16 INFO  log:15 - Entered password
2021-03-02 22:56:19 INFO  log:23 - Test failed - User or Password is not valid
2021-03-02 22:56:22 INFO  log:13 - Entered username
2021-03-02 22:56:22 INFO  log:15 - Entered password
2021-03-02 22:56:25 INFO  log:23 - Test failed - User or Password is not valid
2021-03-02 22:56:27 INFO  log:13 - Entered username
2021-03-02 22:56:27 INFO  log:15 - Entered password
2021-03-02 22:56:34 INFO  log:32 - Test Passed
2021-03-02 23:14:29 INFO  log:16 - Entered username
2021-03-02 23:14:30 INFO  log:18 - Entered password
2021-03-02 23:14:34 INFO  log:30 - Test Passed
2021-03-02 23:16:30 INFO  log:16 - Entered username
2021-03-02 23:16:30 INFO  log:18 - Entered password
2021-03-02 23:16:35 INFO  log:30 - Test Passed
2021-03-02 23:28:38 INFO  log:16 - Entered username
2021-03-02 23:28:38 INFO  log:18 - Entered password
2021-03-02 23:28:42 INFO  log:30 - Test Passed
2021-03-02 23:29:08 INFO  log:16 - Entered username
2021-03-02 23:29:08 INFO  log:18 - Entered password
2021-03-02 23:29:13 INFO  log:30 - Test Passed
2021-03-02 23:30:18 INFO  log:16 - Entered username
2021-03-02 23:30:18 INFO  log:18 - Entered password
2021-03-02 23:30:23 INFO  log:30 - Test Passed
2021-03-03 18:53:29 INFO  log:16 - Entered username
2021-03-03 18:53:29 INFO  log:18 - Entered password
2021-03-03 18:53:34 INFO  log:30 - Test Passed
2021-03-03 18:53:56 INFO  log:16 - Entered username
2021-03-03 18:53:56 INFO  log:18 - Entered password
2021-03-03 18:54:00 INFO  log:30 - Test Passed
2021-03-04 11:00:52 INFO  log:16 - Entered username
2021-03-04 11:00:53 INFO  log:18 - Entered password
2021-03-04 11:00:59 INFO  log:30 - Test Passed
2021-03-15 16:13:42 INFO  log:16 - Entered username
2021-03-15 16:13:42 INFO  log:18 - Entered password
2021-03-15 16:13:47 INFO  log:25 - New Customer page is opened
2021-03-15 16:13:47 INFO  log:29 - Customer name is entered
2021-03-15 16:13:47 INFO  log:31 - birth date is entered
2021-03-15 16:13:47 INFO  log:33 - Address is added
2021-03-15 16:13:47 INFO  log:35 - City is added
2021-03-15 16:13:47 INFO  log:37 - State is added
2021-03-15 16:13:47 INFO  log:39 - Pin is entered
2021-03-15 16:13:48 INFO  log:41 - Mobile number is added
2021-03-15 16:13:48 INFO  log:44 - Email is added
2021-03-15 16:13:48 INFO  log:46 - Password is entered
2021-03-15 16:13:48 INFO  log:48 - Form is submitted
2021-03-15 16:13:49 INFO  log:56 - Test failed
2021-03-15 16:17:06 INFO  log:16 - Entered username
2021-03-15 16:17:06 INFO  log:18 - Entered password
2021-03-15 16:17:11 INFO  log:25 - New Customer page is opened
2021-03-15 16:17:11 INFO  log:29 - Customer name is entered
2021-03-15 16:17:11 INFO  log:31 - birth date is entered
2021-03-15 16:17:11 INFO  log:33 - Address is added
2021-03-15 16:17:11 INFO  log:35 - City is added
2021-03-15 16:17:11 INFO  log:37 - State is added
2021-03-15 16:17:12 INFO  log:39 - Pin is entered
2021-03-15 16:17:12 INFO  log:41 - Mobile number is added
2021-03-15 16:17:12 INFO  log:44 - Email is added
2021-03-15 16:17:12 INFO  log:46 - Password is entered
2021-03-15 16:17:13 INFO  log:48 - Form is submitted
2021-03-15 16:17:14 INFO  log:61 - Test passed
2021-03-15 16:22:17 INFO  log:16 - Entered username
2021-03-15 16:22:17 INFO  log:18 - Entered password
2021-03-15 16:22:22 INFO  log:25 - New Customer page is opened
2021-03-15 16:22:22 INFO  log:29 - Customer name is entered
2021-03-15 16:22:22 INFO  log:31 - birth date is entered
2021-03-15 16:22:22 INFO  log:33 - Address is added
2021-03-15 16:22:22 INFO  log:35 - City is added
2021-03-15 16:22:23 INFO  log:37 - State is added
2021-03-15 16:22:23 INFO  log:39 - Pin is entered
2021-03-15 16:22:23 INFO  log:41 - Mobile number is added
2021-03-15 16:22:23 INFO  log:44 - Email is added
2021-03-15 16:22:23 INFO  log:46 - Password is entered
2021-03-15 16:22:24 INFO  log:48 - Form is submitted
2021-03-15 16:22:25 INFO  log:61 - Test passed
2021-03-15 16:23:50 INFO  log:16 - Entered username
2021-03-15 16:23:50 INFO  log:18 - Entered password
2021-03-15 16:23:54 INFO  log:25 - New Customer page is opened
2021-03-15 16:23:54 INFO  log:29 - Customer name is entered
2021-03-15 16:23:54 INFO  log:31 - birth date is entered
2021-03-15 16:23:55 INFO  log:33 - Address is added
2021-03-15 16:23:55 INFO  log:35 - City is added
2021-03-15 16:23:55 INFO  log:37 - State is added
2021-03-15 16:23:55 INFO  log:39 - Pin is entered
2021-03-15 16:23:55 INFO  log:41 - Mobile number is added
2021-03-15 16:23:55 INFO  log:44 - Email is added
2021-03-15 16:23:55 INFO  log:46 - Password is entered
2021-03-15 16:23:56 INFO  log:48 - Form is submitted
2021-03-15 16:23:57 INFO  log:61 - Test passed
2021-03-15 16:37:38 INFO  log:16 - Entered username
2021-03-15 16:37:38 INFO  log:18 - Entered password
2021-03-15 16:37:42 INFO  log:25 - New Customer page is opened
2021-03-15 16:37:42 INFO  log:29 - Customer name is entered
2021-03-15 16:37:42 INFO  log:31 - birth date is entered
2021-03-15 16:37:43 INFO  log:33 - Address is added
2021-03-15 16:37:43 INFO  log:35 - City is added
2021-03-15 16:37:43 INFO  log:37 - State is added
2021-03-15 16:37:43 INFO  log:39 - Pin is entered
2021-03-15 16:37:43 INFO  log:41 - Mobile number is added
2021-03-15 16:37:43 INFO  log:44 - Email is added
2021-03-15 16:37:43 INFO  log:46 - Password is entered
2021-03-15 16:37:43 INFO  log:48 - Form is submitted
2021-03-15 16:37:45 INFO  log:56 - Test failed
2021-03-15 16:42:14 INFO  log:16 - Entered username
2021-03-15 16:42:14 INFO  log:18 - Entered password
2021-03-15 16:42:18 INFO  log:25 - New Customer page is opened
2021-03-15 16:42:18 INFO  log:29 - Customer name is entered
2021-03-15 16:42:18 INFO  log:31 - birth date is entered
2021-03-15 16:42:19 INFO  log:33 - Address is added
2021-03-15 16:42:19 INFO  log:35 - City is added
2021-03-15 16:42:19 INFO  log:37 - State is added
2021-03-15 16:42:19 INFO  log:39 - Pin is entered
2021-03-15 16:42:19 INFO  log:41 - Mobile number is added
2021-03-15 16:42:19 INFO  log:44 - Email is added
2021-03-15 16:42:19 INFO  log:46 - Password is entered
2021-03-15 16:42:20 INFO  log:48 - Form is submitted
2021-03-15 16:42:21 INFO  log:61 - Test passed
2021-03-15 16:42:53 INFO  log:16 - Entered username
2021-03-15 16:42:53 INFO  log:18 - Entered password
2021-03-15 16:42:58 INFO  log:25 - New Customer page is opened
2021-03-15 16:42:58 INFO  log:29 - Customer name is entered
2021-03-15 16:42:58 INFO  log:31 - birth date is entered
2021-03-15 16:42:58 INFO  log:33 - Address is added
2021-03-15 16:42:58 INFO  log:35 - City is added
2021-03-15 16:42:58 INFO  log:37 - State is added
2021-03-15 16:42:58 INFO  log:39 - Pin is entered
2021-03-15 16:42:58 INFO  log:41 - Mobile number is added
2021-03-15 16:42:59 INFO  log:44 - Email is added
2021-03-15 16:42:59 INFO  log:46 - Password is entered
2021-03-15 16:43:00 INFO  log:48 - Form is submitted
2021-03-15 16:43:01 INFO  log:61 - Test passed
2021-03-15 16:57:15 INFO  log:16 - Entered username
2021-03-15 16:57:15 INFO  log:18 - Entered password
2021-03-15 16:57:19 INFO  log:25 - New Customer page is opened
2021-03-15 16:57:20 INFO  log:29 - Customer name is entered
2021-03-15 16:57:20 INFO  log:31 - birth date is entered
2021-03-15 16:57:20 INFO  log:33 - Address is added
2021-03-15 16:57:20 INFO  log:35 - City is added
2021-03-15 16:57:20 INFO  log:37 - State is added
2021-03-15 16:57:20 INFO  log:39 - Pin is entered
2021-03-15 16:57:20 INFO  log:41 - Mobile number is added
2021-03-15 16:57:20 INFO  log:44 - Email is added
2021-03-15 16:57:20 INFO  log:46 - Password is entered
2021-03-15 16:57:21 INFO  log:48 - Form is submitted
2021-03-15 16:57:22 INFO  log:56 - Test failed
2021-03-15 16:58:58 INFO  log:16 - Entered username
2021-03-15 16:58:58 INFO  log:18 - Entered password
2021-03-15 16:59:03 INFO  log:25 - New Customer page is opened
2021-03-15 16:59:03 INFO  log:29 - Customer name is entered
2021-03-15 16:59:03 INFO  log:31 - birth date is entered
2021-03-15 16:59:03 INFO  log:33 - Address is added
2021-03-15 16:59:03 INFO  log:35 - City is added
2021-03-15 16:59:03 INFO  log:37 - State is added
2021-03-15 16:59:03 INFO  log:39 - Pin is entered
2021-03-15 16:59:03 INFO  log:41 - Mobile number is added
2021-03-15 16:59:04 INFO  log:44 - Email is added
2021-03-15 16:59:04 INFO  log:46 - Password is entered
2021-03-15 16:59:05 INFO  log:48 - Form is submitted
2021-03-15 16:59:06 INFO  log:61 - Test passed
2021-03-15 16:59:46 INFO  log:16 - Entered username
2021-03-15 16:59:46 INFO  log:18 - Entered password
2021-03-15 16:59:50 INFO  log:25 - New Customer page is opened
2021-03-15 16:59:50 INFO  log:29 - Customer name is entered
2021-03-15 16:59:50 INFO  log:31 - birth date is entered
2021-03-15 16:59:51 INFO  log:33 - Address is added
2021-03-15 16:59:51 INFO  log:35 - City is added
2021-03-15 16:59:51 INFO  log:37 - State is added
2021-03-15 16:59:51 INFO  log:39 - Pin is entered
2021-03-15 16:59:51 INFO  log:41 - Mobile number is added
2021-03-15 16:59:51 INFO  log:44 - Email is added
2021-03-15 16:59:51 INFO  log:46 - Password is entered
2021-03-15 16:59:52 INFO  log:48 - Form is submitted
2021-03-15 16:59:53 INFO  log:61 - Test passed
